<?xml version="1.0" encoding="UTF-8"?>
<!-- Generated by org.testng.reporters.JUnitReportReporter -->
<testsuite skipped="1" hostname="Chetuiwk1258" name="practise.CalendePickerTest" tests="2" failures="0" timestamp="04 Mar 2020 08:37:50 GMT" time="2.978" errors="1">
  <testcase name="beforeMethod" time="2.977" classname="practise.CalendePickerTest">
    <error type="org.openqa.selenium.SessionNotCreatedException" message="session not created: This version of ChromeDriver only supports Chrome version 78
Build info: version: &#039;3.141.59&#039;, revision: &#039;e82be7d358&#039;, time: &#039;2018-11-14T08:17:03&#039;
System info: host: &#039;CHETUIWK1258&#039;, ip: &#039;172.16.4.180&#039;, os.name: &#039;Windows 10&#039;, os.arch: &#039;amd64&#039;, os.version: &#039;10.0&#039;, java.version: &#039;1.8.0_121&#039;
Driver info: driver.version: ChromeDriver
remote stacktrace: Backtrace:
	Ordinal0 [0x0098A903+1550595]
	Ordinal0 [0x0090A701+1025793]
	Ordinal0 [0x0088C6E5+509669]
	Ordinal0 [0x0081FC68+64616]
	Ordinal0 [0x0081C594+50580]
	Ordinal0 [0x0083ACE7+175335]
	Ordinal0 [0x0083A8ED+174317]
	Ordinal0 [0x00838CDB+167131]
	Ordinal0 [0x0082144A+70730]
	Ordinal0 [0x008224D0+74960]
	Ordinal0 [0x00822469+74857]
	Ordinal0 [0x009242C7+1131207]
	GetHandleVerifier [0x00A270FD+523789]
	GetHandleVerifier [0x00A26E90+523168]
	GetHandleVerifier [0x00A2E1E7+552695]
	GetHandleVerifier [0x00A278FA+525834]
	Ordinal0 [0x0091B7FC+1095676]
	Ordinal0 [0x0092633B+1139515]
	Ordinal0 [0x009264A3+1139875]
	Ordinal0 [0x00925425+1135653]
	BaseThreadInitThunk [0x778F8494+36]
	RtlAreBitsSet [0x77C541C8+136]
	RtlAreBitsSet [0x77C54198+88]
">
      <![CDATA[org.openqa.selenium.SessionNotCreatedException: session not created: This version of ChromeDriver only supports Chrome version 78
Build info: version: '3.141.59', revision: 'e82be7d358', time: '2018-11-14T08:17:03'
System info: host: 'CHETUIWK1258', ip: '172.16.4.180', os.name: 'Windows 10', os.arch: 'amd64', os.version: '10.0', java.version: '1.8.0_121'
Driver info: driver.version: ChromeDriver
remote stacktrace: Backtrace:
	Ordinal0 [0x0098A903+1550595]
	Ordinal0 [0x0090A701+1025793]
	Ordinal0 [0x0088C6E5+509669]
	Ordinal0 [0x0081FC68+64616]
	Ordinal0 [0x0081C594+50580]
	Ordinal0 [0x0083ACE7+175335]
	Ordinal0 [0x0083A8ED+174317]
	Ordinal0 [0x00838CDB+167131]
	Ordinal0 [0x0082144A+70730]
	Ordinal0 [0x008224D0+74960]
	Ordinal0 [0x00822469+74857]
	Ordinal0 [0x009242C7+1131207]
	GetHandleVerifier [0x00A270FD+523789]
	GetHandleVerifier [0x00A26E90+523168]
	GetHandleVerifier [0x00A2E1E7+552695]
	GetHandleVerifier [0x00A278FA+525834]
	Ordinal0 [0x0091B7FC+1095676]
	Ordinal0 [0x0092633B+1139515]
	Ordinal0 [0x009264A3+1139875]
	Ordinal0 [0x00925425+1135653]
	BaseThreadInitThunk [0x778F8494+36]
	RtlAreBitsSet [0x77C541C8+136]
	RtlAreBitsSet [0x77C54198+88]

	at sun.reflect.NativeConstructorAccessorImpl.newInstance0(Native Method)
	at sun.reflect.NativeConstructorAccessorImpl.newInstance(Unknown Source)
	at sun.reflect.DelegatingConstructorAccessorImpl.newInstance(Unknown Source)
	at java.lang.reflect.Constructor.newInstance(Unknown Source)
	at org.openqa.selenium.remote.W3CHandshakeResponse.lambda$errorHandler$0(W3CHandshakeResponse.java:62)
	at org.openqa.selenium.remote.HandshakeResponse.lambda$getResponseFunction$0(HandshakeResponse.java:30)
	at org.openqa.selenium.remote.ProtocolHandshake.lambda$createSession$0(ProtocolHandshake.java:126)
	at java.util.stream.ReferencePipeline$3$1.accept(Unknown Source)
	at java.util.Spliterators$ArraySpliterator.tryAdvance(Unknown Source)
	at java.util.stream.ReferencePipeline.forEachWithCancel(Unknown Source)
	at java.util.stream.AbstractPipeline.copyIntoWithCancel(Unknown Source)
	at java.util.stream.AbstractPipeline.copyInto(Unknown Source)
	at java.util.stream.AbstractPipeline.wrapAndCopyInto(Unknown Source)
	at java.util.stream.FindOps$FindOp.evaluateSequential(Unknown Source)
	at java.util.stream.AbstractPipeline.evaluate(Unknown Source)
	at java.util.stream.ReferencePipeline.findFirst(Unknown Source)
	at org.openqa.selenium.remote.ProtocolHandshake.createSession(ProtocolHandshake.java:128)
	at org.openqa.selenium.remote.ProtocolHandshake.createSession(ProtocolHandshake.java:74)
	at org.openqa.selenium.remote.HttpCommandExecutor.execute(HttpCommandExecutor.java:136)
	at org.openqa.selenium.remote.service.DriverCommandExecutor.execute(DriverCommandExecutor.java:83)
	at org.openqa.selenium.remote.RemoteWebDriver.execute(RemoteWebDriver.java:552)
	at org.openqa.selenium.remote.RemoteWebDriver.startSession(RemoteWebDriver.java:213)
	at org.openqa.selenium.remote.RemoteWebDriver.<init>(RemoteWebDriver.java:131)
	at org.openqa.selenium.chrome.ChromeDriver.<init>(ChromeDriver.java:181)
	at org.openqa.selenium.chrome.ChromeDriver.<init>(ChromeDriver.java:168)
	at org.openqa.selenium.chrome.ChromeDriver.<init>(ChromeDriver.java:123)
	at practise.CalendePickerTest.beforeMethod(CalendePickerTest.java:25)
	at sun.reflect.NativeMethodAccessorImpl.invoke0(Native Method)
	at sun.reflect.NativeMethodAccessorImpl.invoke(Unknown Source)
	at sun.reflect.DelegatingMethodAccessorImpl.invoke(Unknown Source)
	at java.lang.reflect.Method.invoke(Unknown Source)
	at org.testng.internal.MethodInvocationHelper.invokeMethod(MethodInvocationHelper.java:108)
	at org.testng.internal.Invoker.invokeConfigurationMethod(Invoker.java:523)
	at org.testng.internal.Invoker.invokeConfigurations(Invoker.java:224)
	at org.testng.internal.Invoker.invokeMethod(Invoker.java:599)
	at org.testng.internal.Invoker.invokeTestMethod(Invoker.java:869)
	at org.testng.internal.Invoker.invokeTestMethods(Invoker.java:1193)
	at org.testng.internal.TestMethodWorker.invokeTestMethods(TestMethodWorker.java:126)
	at org.testng.internal.TestMethodWorker.run(TestMethodWorker.java:109)
	at org.testng.TestRunner.privateRun(TestRunner.java:744)
	at org.testng.TestRunner.run(TestRunner.java:602)
	at org.testng.SuiteRunner.runTest(SuiteRunner.java:380)
	at org.testng.SuiteRunner.runSequentially(SuiteRunner.java:375)
	at org.testng.SuiteRunner.privateRun(SuiteRunner.java:340)
	at org.testng.SuiteRunner.run(SuiteRunner.java:289)
	at org.testng.SuiteRunnerWorker.runSuite(SuiteRunnerWorker.java:52)
	at org.testng.SuiteRunnerWorker.run(SuiteRunnerWorker.java:86)
	at org.testng.TestNG.runSuitesSequentially(TestNG.java:1301)
	at org.testng.TestNG.runSuitesLocally(TestNG.java:1226)
	at org.testng.TestNG.runSuites(TestNG.java:1144)
	at org.testng.TestNG.run(TestNG.java:1115)
	at org.testng.remote.AbstractRemoteTestNG.run(AbstractRemoteTestNG.java:132)
	at org.testng.remote.RemoteTestNG.initAndRun(RemoteTestNG.java:230)
	at org.testng.remote.RemoteTestNG.main(RemoteTestNG.java:76)
]]>
    </error>
  </testcase> <!-- beforeMethod -->
  <testcase name="verifycalenderdata" time="0.001" classname="practise.CalendePickerTest">
    <skipped/>
  </testcase> <!-- verifycalenderdata -->
</testsuite> <!-- practise.CalendePickerTest -->
