<?xml version="1.0" encoding="UTF-8"?>
<!-- Generated by org.testng.reporters.JUnitReportReporter -->
<testsuite skipped="1" hostname="Chetuiwk1258" name="practise.ClassicCrmPro" tests="2" failures="0" timestamp="18 Mar 2020 17:41:35 GMT" time="4.129" errors="1">
  <testcase name="verifycontactdetails" time="0.027" classname="practise.ClassicCrmPro">
    <skipped/>
  </testcase> <!-- verifycontactdetails -->
  <testcase name="beforeMethod" time="4.102" classname="practise.ClassicCrmPro">
    <error type="org.openqa.selenium.WebDriverException" message="unknown error: cannot find MSEdge binary
Build info: version: &#039;3.141.59&#039;, revision: &#039;e82be7d358&#039;, time: &#039;2018-11-14T08:17:03&#039;
System info: host: &#039;CHETUIWK1258&#039;, ip: &#039;172.16.4.180&#039;, os.name: &#039;Windows 10&#039;, os.arch: &#039;amd64&#039;, os.version: &#039;10.0&#039;, java.version: &#039;1.8.0_121&#039;
Driver info: driver.version: EdgeDriver
remote stacktrace: Backtrace:
	Ordinal0 [0x00007FF64230FE22+3604002]
	Ordinal0 [0x00007FF64222E169+2679145]
	Ordinal0 [0x00007FF6420CADAC+1224108]
	Ordinal0 [0x00007FF64201D643+513603]
	Ordinal0 [0x00007FF64201A791+501649]
	Ordinal0 [0x00007FF64204EEFF+716543]
	Ordinal0 [0x00007FF64204C44F+705615]
	Ordinal0 [0x00007FF642026343+549699]
	Ordinal0 [0x00007FF64202710E+553230]
	Ordinal0 [0x00007FF64224B3B5+2798517]
	GetHandleVerifier [0x00007FF6424464FC+1128892]
	GetHandleVerifier [0x00007FF6424462BA+1128314]
	GetHandleVerifier [0x00007FF64245B1F1+1214129]
	GetHandleVerifier [0x00007FF642447044+1131780]
	Ordinal0 [0x00007FF64223F0D8+2748632]
	Ordinal0 [0x00007FF64224D6A9+2807465]
	Ordinal0 [0x00007FF64226BAC8+2931400]
	BaseThreadInitThunk [0x00007FFE7C524034+20]
	RtlUserThreadStart [0x00007FFE7E233691+33]
">
      <![CDATA[org.openqa.selenium.WebDriverException: unknown error: cannot find MSEdge binary
Build info: version: '3.141.59', revision: 'e82be7d358', time: '2018-11-14T08:17:03'
System info: host: 'CHETUIWK1258', ip: '172.16.4.180', os.name: 'Windows 10', os.arch: 'amd64', os.version: '10.0', java.version: '1.8.0_121'
Driver info: driver.version: EdgeDriver
remote stacktrace: Backtrace:
	Ordinal0 [0x00007FF64230FE22+3604002]
	Ordinal0 [0x00007FF64222E169+2679145]
	Ordinal0 [0x00007FF6420CADAC+1224108]
	Ordinal0 [0x00007FF64201D643+513603]
	Ordinal0 [0x00007FF64201A791+501649]
	Ordinal0 [0x00007FF64204EEFF+716543]
	Ordinal0 [0x00007FF64204C44F+705615]
	Ordinal0 [0x00007FF642026343+549699]
	Ordinal0 [0x00007FF64202710E+553230]
	Ordinal0 [0x00007FF64224B3B5+2798517]
	GetHandleVerifier [0x00007FF6424464FC+1128892]
	GetHandleVerifier [0x00007FF6424462BA+1128314]
	GetHandleVerifier [0x00007FF64245B1F1+1214129]
	GetHandleVerifier [0x00007FF642447044+1131780]
	Ordinal0 [0x00007FF64223F0D8+2748632]
	Ordinal0 [0x00007FF64224D6A9+2807465]
	Ordinal0 [0x00007FF64226BAC8+2931400]
	BaseThreadInitThunk [0x00007FFE7C524034+20]
	RtlUserThreadStart [0x00007FFE7E233691+33]

	at sun.reflect.NativeConstructorAccessorImpl.newInstance0(Native Method)
	at sun.reflect.NativeConstructorAccessorImpl.newInstance(Unknown Source)
	at sun.reflect.DelegatingConstructorAccessorImpl.newInstance(Unknown Source)
	at java.lang.reflect.Constructor.newInstance(Unknown Source)
	at org.openqa.selenium.remote.W3CHandshakeResponse.lambda$errorHandler$0(W3CHandshakeResponse.java:62)
	at org.openqa.selenium.remote.HandshakeResponse.lambda$getResponseFunction$0(HandshakeResponse.java:30)
	at org.openqa.selenium.remote.ProtocolHandshake.lambda$createSession$0(ProtocolHandshake.java:126)
	at java.util.stream.ReferencePipeline$3$1.accept(Unknown Source)
	at java.util.Spliterators$ArraySpliterator.tryAdvance(Unknown Source)
	at java.util.stream.ReferencePipeline.forEachWithCancel(Unknown Source)
	at java.util.stream.AbstractPipeline.copyIntoWithCancel(Unknown Source)
	at java.util.stream.AbstractPipeline.copyInto(Unknown Source)
	at java.util.stream.AbstractPipeline.wrapAndCopyInto(Unknown Source)
	at java.util.stream.FindOps$FindOp.evaluateSequential(Unknown Source)
	at java.util.stream.AbstractPipeline.evaluate(Unknown Source)
	at java.util.stream.ReferencePipeline.findFirst(Unknown Source)
	at org.openqa.selenium.remote.ProtocolHandshake.createSession(ProtocolHandshake.java:128)
	at org.openqa.selenium.remote.ProtocolHandshake.createSession(ProtocolHandshake.java:74)
	at org.openqa.selenium.remote.HttpCommandExecutor.execute(HttpCommandExecutor.java:136)
	at org.openqa.selenium.remote.service.DriverCommandExecutor.execute(DriverCommandExecutor.java:83)
	at org.openqa.selenium.remote.RemoteWebDriver.execute(RemoteWebDriver.java:552)
	at org.openqa.selenium.remote.RemoteWebDriver.startSession(RemoteWebDriver.java:213)
	at org.openqa.selenium.remote.RemoteWebDriver.<init>(RemoteWebDriver.java:131)
	at org.openqa.selenium.edge.EdgeDriver.<init>(EdgeDriver.java:141)
	at org.openqa.selenium.edge.EdgeDriver.<init>(EdgeDriver.java:96)
	at practise.ClassicCrmPro.beforeMethod(ClassicCrmPro.java:32)
	at sun.reflect.NativeMethodAccessorImpl.invoke0(Native Method)
	at sun.reflect.NativeMethodAccessorImpl.invoke(Unknown Source)
	at sun.reflect.DelegatingMethodAccessorImpl.invoke(Unknown Source)
	at java.lang.reflect.Method.invoke(Unknown Source)
	at org.testng.internal.MethodInvocationHelper.invokeMethod(MethodInvocationHelper.java:108)
	at org.testng.internal.Invoker.invokeConfigurationMethod(Invoker.java:523)
	at org.testng.internal.Invoker.invokeConfigurations(Invoker.java:224)
	at org.testng.internal.Invoker.invokeMethod(Invoker.java:599)
	at org.testng.internal.Invoker.invokeTestMethod(Invoker.java:869)
	at org.testng.internal.Invoker.invokeTestMethods(Invoker.java:1193)
	at org.testng.internal.TestMethodWorker.invokeTestMethods(TestMethodWorker.java:126)
	at org.testng.internal.TestMethodWorker.run(TestMethodWorker.java:109)
	at org.testng.TestRunner.privateRun(TestRunner.java:744)
	at org.testng.TestRunner.run(TestRunner.java:602)
	at org.testng.SuiteRunner.runTest(SuiteRunner.java:380)
	at org.testng.SuiteRunner.runSequentially(SuiteRunner.java:375)
	at org.testng.SuiteRunner.privateRun(SuiteRunner.java:340)
	at org.testng.SuiteRunner.run(SuiteRunner.java:289)
	at org.testng.SuiteRunnerWorker.runSuite(SuiteRunnerWorker.java:52)
	at org.testng.SuiteRunnerWorker.run(SuiteRunnerWorker.java:86)
	at org.testng.TestNG.runSuitesSequentially(TestNG.java:1301)
	at org.testng.TestNG.runSuitesLocally(TestNG.java:1226)
	at org.testng.TestNG.runSuites(TestNG.java:1144)
	at org.testng.TestNG.run(TestNG.java:1115)
	at org.testng.remote.AbstractRemoteTestNG.run(AbstractRemoteTestNG.java:132)
	at org.testng.remote.RemoteTestNG.initAndRun(RemoteTestNG.java:230)
	at org.testng.remote.RemoteTestNG.main(RemoteTestNG.java:76)
]]>
    </error>
  </testcase> <!-- beforeMethod -->
</testsuite> <!-- practise.ClassicCrmPro -->
