<?xml version="1.0" encoding="UTF-8"?>
<!-- Generated by org.testng.reporters.JUnitReportReporter -->
<testsuite skipped="3" hostname="Chetuiwk1258" name="practise.creater3dpatientTest" tests="4" failures="0" timestamp="04 Nov 2019 09:09:05 GMT" time="2.991" errors="1">
  <testcase name="setup" time="2.990" classname="practise.creater3dpatientTest">
    <error type="org.openqa.selenium.SessionNotCreatedException" message="session not created: This version of ChromeDriver only supports Chrome version 76
Build info: version: &#039;3.141.59&#039;, revision: &#039;e82be7d358&#039;, time: &#039;2018-11-14T08:17:03&#039;
System info: host: &#039;CHETUIWK1258&#039;, ip: &#039;192.168.182.2&#039;, os.name: &#039;Windows 10&#039;, os.arch: &#039;amd64&#039;, os.version: &#039;10.0&#039;, java.version: &#039;1.8.0_121&#039;
Driver info: driver.version: ChromeDriver
remote stacktrace: Backtrace:
	Ordinal0 [0x00B07C53+1473619]
	Ordinal0 [0x00A8AD71+961905]
	Ordinal0 [0x00A142B3+475827]
	Ordinal0 [0x009AF365+62309]
	Ordinal0 [0x009ABC77+48247]
	Ordinal0 [0x009C9149+168265]
	Ordinal0 [0x009C8D1D+167197]
	Ordinal0 [0x009C742B+160811]
	Ordinal0 [0x009B0AE6+68326]
	Ordinal0 [0x009B1BF0+72688]
	Ordinal0 [0x009B1B89+72585]
	Ordinal0 [0x00AA4B37+1067831]
	GetHandleVerifier [0x00BA6845+506677]
	GetHandleVerifier [0x00BA65E0+506064]
	GetHandleVerifier [0x00BAD188+533624]
	GetHandleVerifier [0x00BA701A+508682]
	Ordinal0 [0x00A9C226+1032742]
	Ordinal0 [0x00A9C09F+1032351]
	Ordinal0 [0x00AA6A4B+1075787]
	Ordinal0 [0x00AA6BB3+1076147]
	Ordinal0 [0x00AA5B65+1071973]
	BaseThreadInitThunk [0x76FC8494+36]
	RtlAreBitsSet [0x776641C8+136]
	RtlAreBitsSet [0x77664198+88]
">
      <![CDATA[org.openqa.selenium.SessionNotCreatedException: session not created: This version of ChromeDriver only supports Chrome version 76
Build info: version: '3.141.59', revision: 'e82be7d358', time: '2018-11-14T08:17:03'
System info: host: 'CHETUIWK1258', ip: '192.168.182.2', os.name: 'Windows 10', os.arch: 'amd64', os.version: '10.0', java.version: '1.8.0_121'
Driver info: driver.version: ChromeDriver
remote stacktrace: Backtrace:
	Ordinal0 [0x00B07C53+1473619]
	Ordinal0 [0x00A8AD71+961905]
	Ordinal0 [0x00A142B3+475827]
	Ordinal0 [0x009AF365+62309]
	Ordinal0 [0x009ABC77+48247]
	Ordinal0 [0x009C9149+168265]
	Ordinal0 [0x009C8D1D+167197]
	Ordinal0 [0x009C742B+160811]
	Ordinal0 [0x009B0AE6+68326]
	Ordinal0 [0x009B1BF0+72688]
	Ordinal0 [0x009B1B89+72585]
	Ordinal0 [0x00AA4B37+1067831]
	GetHandleVerifier [0x00BA6845+506677]
	GetHandleVerifier [0x00BA65E0+506064]
	GetHandleVerifier [0x00BAD188+533624]
	GetHandleVerifier [0x00BA701A+508682]
	Ordinal0 [0x00A9C226+1032742]
	Ordinal0 [0x00A9C09F+1032351]
	Ordinal0 [0x00AA6A4B+1075787]
	Ordinal0 [0x00AA6BB3+1076147]
	Ordinal0 [0x00AA5B65+1071973]
	BaseThreadInitThunk [0x76FC8494+36]
	RtlAreBitsSet [0x776641C8+136]
	RtlAreBitsSet [0x77664198+88]

	at sun.reflect.NativeConstructorAccessorImpl.newInstance0(Native Method)
	at sun.reflect.NativeConstructorAccessorImpl.newInstance(Unknown Source)
	at sun.reflect.DelegatingConstructorAccessorImpl.newInstance(Unknown Source)
	at java.lang.reflect.Constructor.newInstance(Unknown Source)
	at org.openqa.selenium.remote.W3CHandshakeResponse.lambda$errorHandler$0(W3CHandshakeResponse.java:62)
	at org.openqa.selenium.remote.HandshakeResponse.lambda$getResponseFunction$0(HandshakeResponse.java:30)
	at org.openqa.selenium.remote.ProtocolHandshake.lambda$createSession$0(ProtocolHandshake.java:126)
	at java.util.stream.ReferencePipeline$3$1.accept(Unknown Source)
	at java.util.Spliterators$ArraySpliterator.tryAdvance(Unknown Source)
	at java.util.stream.ReferencePipeline.forEachWithCancel(Unknown Source)
	at java.util.stream.AbstractPipeline.copyIntoWithCancel(Unknown Source)
	at java.util.stream.AbstractPipeline.copyInto(Unknown Source)
	at java.util.stream.AbstractPipeline.wrapAndCopyInto(Unknown Source)
	at java.util.stream.FindOps$FindOp.evaluateSequential(Unknown Source)
	at java.util.stream.AbstractPipeline.evaluate(Unknown Source)
	at java.util.stream.ReferencePipeline.findFirst(Unknown Source)
	at org.openqa.selenium.remote.ProtocolHandshake.createSession(ProtocolHandshake.java:128)
	at org.openqa.selenium.remote.ProtocolHandshake.createSession(ProtocolHandshake.java:74)
	at org.openqa.selenium.remote.HttpCommandExecutor.execute(HttpCommandExecutor.java:136)
	at org.openqa.selenium.remote.service.DriverCommandExecutor.execute(DriverCommandExecutor.java:83)
	at org.openqa.selenium.remote.RemoteWebDriver.execute(RemoteWebDriver.java:552)
	at org.openqa.selenium.remote.RemoteWebDriver.startSession(RemoteWebDriver.java:213)
	at org.openqa.selenium.remote.RemoteWebDriver.<init>(RemoteWebDriver.java:131)
	at org.openqa.selenium.chrome.ChromeDriver.<init>(ChromeDriver.java:181)
	at org.openqa.selenium.chrome.ChromeDriver.<init>(ChromeDriver.java:168)
	at org.openqa.selenium.chrome.ChromeDriver.<init>(ChromeDriver.java:123)
	at practise.creater3dpatientTest.setup(creater3dpatientTest.java:37)
	at sun.reflect.NativeMethodAccessorImpl.invoke0(Native Method)
	at sun.reflect.NativeMethodAccessorImpl.invoke(Unknown Source)
	at sun.reflect.DelegatingMethodAccessorImpl.invoke(Unknown Source)
	at java.lang.reflect.Method.invoke(Unknown Source)
	at org.testng.internal.MethodInvocationHelper.invokeMethod(MethodInvocationHelper.java:108)
	at org.testng.internal.Invoker.invokeConfigurationMethod(Invoker.java:523)
	at org.testng.internal.Invoker.invokeConfigurations(Invoker.java:224)
	at org.testng.internal.Invoker.invokeMethod(Invoker.java:599)
	at org.testng.internal.Invoker.invokeTestMethod(Invoker.java:869)
	at org.testng.internal.Invoker.invokeTestMethods(Invoker.java:1193)
	at org.testng.internal.TestMethodWorker.invokeTestMethods(TestMethodWorker.java:126)
	at org.testng.internal.TestMethodWorker.run(TestMethodWorker.java:109)
	at org.testng.TestRunner.privateRun(TestRunner.java:744)
	at org.testng.TestRunner.run(TestRunner.java:602)
	at org.testng.SuiteRunner.runTest(SuiteRunner.java:380)
	at org.testng.SuiteRunner.runSequentially(SuiteRunner.java:375)
	at org.testng.SuiteRunner.privateRun(SuiteRunner.java:340)
	at org.testng.SuiteRunner.run(SuiteRunner.java:289)
	at org.testng.SuiteRunnerWorker.runSuite(SuiteRunnerWorker.java:52)
	at org.testng.SuiteRunnerWorker.run(SuiteRunnerWorker.java:86)
	at org.testng.TestNG.runSuitesSequentially(TestNG.java:1301)
	at org.testng.TestNG.runSuitesLocally(TestNG.java:1226)
	at org.testng.TestNG.runSuites(TestNG.java:1144)
	at org.testng.TestNG.run(TestNG.java:1115)
	at org.testng.remote.AbstractRemoteTestNG.run(AbstractRemoteTestNG.java:132)
	at org.testng.remote.RemoteTestNG.initAndRun(RemoteTestNG.java:230)
	at org.testng.remote.RemoteTestNG.main(RemoteTestNG.java:76)
]]>
    </error>
  </testcase> <!-- setup -->
  <testcase name="addpatient" time="0.000" classname="practise.creater3dpatientTest">
    <skipped/>
  </testcase> <!-- addpatient -->
  <testcase name="addpatient" time="0.001" classname="practise.creater3dpatientTest">
    <skipped/>
  </testcase> <!-- addpatient -->
  <testcase name="addpatient" time="0.000" classname="practise.creater3dpatientTest">
    <skipped/>
  </testcase> <!-- addpatient -->
</testsuite> <!-- practise.creater3dpatientTest -->
